<?xml version="1.0" encoding="UTF-8"?>
<testsuite xmlns:xsi="http://www.w3.org/2001/XMLSchema-instance" xsi:noNamespaceSchemaLocation="https://maven.apache.org/surefire/maven-surefire-plugin/xsd/surefire-test-report-3.0.xsd" version="3.0" name="br.com.breno.RestWithSpringBootAndKotlinStudyApplicationTests" time="8.33" tests="1" errors="0" skipped="0" failures="0">
  <properties>
[...]
</properties>
  <testcase name="contextLoads" classname="br.com.breno.RestWithSpringBootAndKotlinStudyApplicationTests" time="1.465">
    <system-out><![CDATA[18:36:41.621 [main] INFO org.springframework.test.context.support.AnnotationConfigContextLoaderUtils -- Could not detect default configuration classes for test class [br.com.breno.RestWithSpringBootAndKotlinStudyApplicationTests]: RestWithSpringBootAndKotlinStudyApplicationTests does not declare any static, non-private, non-final, nested classes annotated with @Configuration.
18:36:41.982 [main] INFO org.springframework.boot.test.context.SpringBootTestContextBootstrapper -- Found @SpringBootConfiguration br.com.breno.RestWithSpringBootAndKotlinStudyApplication for test class br.com.breno.RestWithSpringBootAndKotlinStudyApplicationTests

  .   ____          _            __ _ _
 /\\ / ___'_ __ _ _(_)_ __  __ _ \ \ \ \
( ( )\___ | '_ | '_| | '_ \/ _` | \ \ \ \
 \\/  ___)| |_)| | | | | || (_| |  ) ) ) )
  '  |____| .__|_| |_|_| |_\__, | / / / /
 =========|_|==============|___/=/_/_/_/
 :: Spring Boot ::                (v3.1.1)

2023-06-28T18:36:42.899-03:00  INFO 70308 --- [           main] SpringBootAndKotlinStudyApplicationTests : Starting RestWithSpringBootAndKotlinStudyApplicationTests using Java 17.0.7 with PID 70308 (started by brenosiqueira in /home/brenosiqueira/dev/workspaces/aulas/rest-with-spring-boot-and-kotlin-study)
2023-06-28T18:36:42.909-03:00  INFO 70308 --- [           main] SpringBootAndKotlinStudyApplicationTests : No active profile set, falling back to 1 default profile: "default"
2023-06-28T18:36:48.061-03:00  INFO 70308 --- [           main] SpringBootAndKotlinStudyApplicationTests : Started RestWithSpringBootAndKotlinStudyApplicationTests in 5.652 seconds (process running for 7.988)
]]></system-out>
  </testcase>
</testsuite>